2018-09-24 16:17:19 Notice: Deprecated (16384): ServerRequest::session() is deprecated. Use getSession() instead. The setter part will be removed. - C:\Program Files (x86)\Ampps\www\CakePHP-3.6.10\CakeHotel\src\Controller\AppController.php, line: 44
 You can disable deprecation warnings by setting `Error.errorLevel` to `E_ALL & ~E_USER_DEPRECATED` in your config/app.php. in [C:\Program Files (x86)\Ampps\www\CakePHP-3.6.10\CakeHotel\vendor\cakephp\cakephp\src\Core\functions.php, line 310]
Trace:
Cake\Error\BaseErrorHandler::handleError() - CORE\src\Error\BaseErrorHandler.php, line 159
deprecationWarning - CORE\src\Core\functions.php, line 310
Cake\Http\ServerRequest::session() - CORE\src\Http\ServerRequest.php, line 564
App\Controller\AppController::initialize() - APP/Controller\AppController.php, line 44
Cake\Controller\Controller::__construct() - CORE\src\Controller\Controller.php, line 272
Bake\Shell\Task\TestTask::buildTestSubject() - ROOT\vendor\cakephp\bake\src\Shell\Task\TestTask.php, line 330
Bake\Shell\Task\TestTask::bake() - ROOT\vendor\cakephp\bake\src\Shell\Task\TestTask.php, line 237
Bake\Shell\Task\ControllerTask::bakeTest() - ROOT\vendor\cakephp\bake\src\Shell\Task\ControllerTask.php, line 214
Bake\Shell\Task\ControllerTask::bake() - ROOT\vendor\cakephp\bake\src\Shell\Task\ControllerTask.php, line 163
Bake\Shell\Task\ControllerTask::main() - ROOT\vendor\cakephp\bake\src\Shell\Task\ControllerTask.php, line 69
Bake\Shell\BakeShell::Bake\Shell\{closure}() - ROOT\vendor\cakephp\bake\src\Shell\BakeShell.php, line 273
Cake\Collection\Collection::each() - CORE\src\Collection\CollectionTrait.php, line 51
Bake\Shell\BakeShell::all() - ROOT\vendor\cakephp\bake\src\Shell\BakeShell.php, line 274
Cake\Console\Shell::runCommand() - CORE\src\Console\Shell.php, line 518
Cake\Console\CommandRunner::runShell() - CORE\src\Console\CommandRunner.php, line 342
Cake\Console\CommandRunner::run() - CORE\src\Console\CommandRunner.php, line 164
[main] - ROOT\bin\cake.php, line 12



2018-09-24 16:17:30 Notice: Deprecated (16384): ServerRequest::session() is deprecated. Use getSession() instead. The setter part will be removed. - C:\Program Files (x86)\Ampps\www\CakePHP-3.6.10\CakeHotel\src\Controller\AppController.php, line: 44
 You can disable deprecation warnings by setting `Error.errorLevel` to `E_ALL & ~E_USER_DEPRECATED` in your config/app.php. in [C:\Program Files (x86)\Ampps\www\CakePHP-3.6.10\CakeHotel\vendor\cakephp\cakephp\src\Core\functions.php, line 310]
Trace:
Cake\Error\BaseErrorHandler::handleError() - CORE\src\Error\BaseErrorHandler.php, line 159
deprecationWarning - CORE\src\Core\functions.php, line 310
Cake\Http\ServerRequest::session() - CORE\src\Http\ServerRequest.php, line 564
App\Controller\AppController::initialize() - APP/Controller\AppController.php, line 44
Cake\Controller\Controller::__construct() - CORE\src\Controller\Controller.php, line 272
Bake\Shell\Task\TestTask::buildTestSubject() - ROOT\vendor\cakephp\bake\src\Shell\Task\TestTask.php, line 330
Bake\Shell\Task\TestTask::bake() - ROOT\vendor\cakephp\bake\src\Shell\Task\TestTask.php, line 237
Bake\Shell\Task\ControllerTask::bakeTest() - ROOT\vendor\cakephp\bake\src\Shell\Task\ControllerTask.php, line 214
Bake\Shell\Task\ControllerTask::bake() - ROOT\vendor\cakephp\bake\src\Shell\Task\ControllerTask.php, line 163
Bake\Shell\Task\ControllerTask::main() - ROOT\vendor\cakephp\bake\src\Shell\Task\ControllerTask.php, line 69
Bake\Shell\BakeShell::Bake\Shell\{closure}() - ROOT\vendor\cakephp\bake\src\Shell\BakeShell.php, line 273
Cake\Collection\Collection::each() - CORE\src\Collection\CollectionTrait.php, line 51
Bake\Shell\BakeShell::all() - ROOT\vendor\cakephp\bake\src\Shell\BakeShell.php, line 274
Cake\Console\Shell::runCommand() - CORE\src\Console\Shell.php, line 518
Cake\Console\CommandRunner::runShell() - CORE\src\Console\CommandRunner.php, line 342
Cake\Console\CommandRunner::run() - CORE\src\Console\CommandRunner.php, line 164
[main] - ROOT\bin\cake.php, line 12



2018-09-24 16:27:11 Notice: Notice (8): Undefined index: Files in [C:\Program Files (x86)\Ampps\www\CakePHP-3.6.10\CakeHotel\vendor\cakephp\bake\src\View\Helper\DocBlockHelper.php, line 238]
Trace:
Cake\Error\BaseErrorHandler::handleError() - CORE\src\Error\BaseErrorHandler.php, line 159
Bake\View\Helper\DocBlockHelper::buildTableAnnotations() - ROOT\vendor\cakephp\bake\src\View\Helper\DocBlockHelper.php, line 238
Twig_Template::getAttribute() - ROOT\vendor\twig\twig\lib\Twig\Template.php, line 679
__TwigTemplate_d9b9176e4ac7cdba6a48e168b5a5b9760df1af3b61a890a44ab92768e2c22460::doDisplay() - ROOT\tmp\cache\twigView\32\328cd53d5e1d107a3220331457669b24d0d2899a26b9bd5f09ea5d32fd0ef06d.php, line 22
Twig_Template::displayWithErrorHandling() - ROOT\vendor\twig\twig\lib\Twig\Template.php, line 432
Twig_Template::display() - ROOT\vendor\twig\twig\lib\Twig\Template.php, line 403
Twig_Template::render() - ROOT\vendor\twig\twig\lib\Twig\Template.php, line 411
WyriHaximus\TwigView\View\TwigView::_render() - ROOT\vendor\wyrihaximus\twig-view\src\View\TwigView.php, line 180
Bake\View\BakeView::render() - ROOT\vendor\cakephp\bake\src\View\BakeView.php, line 146
Bake\Shell\Task\BakeTemplateTask::generate() - ROOT\vendor\cakephp\bake\src\Shell\Task\BakeTemplateTask.php, line 91
Bake\Shell\Task\ModelTask::bakeTable() - ROOT\vendor\cakephp\bake\src\Shell\Task\ModelTask.php, line 956
Bake\Shell\Task\ModelTask::bake() - ROOT\vendor\cakephp\bake\src\Shell\Task\ModelTask.php, line 114
Bake\Shell\Task\ModelTask::main() - ROOT\vendor\cakephp\bake\src\Shell\Task\ModelTask.php, line 100
Bake\Shell\BakeShell::Bake\Shell\{closure}() - ROOT\vendor\cakephp\bake\src\Shell\BakeShell.php, line 273
Cake\Collection\Collection::each() - CORE\src\Collection\CollectionTrait.php, line 51
Bake\Shell\BakeShell::all() - ROOT\vendor\cakephp\bake\src\Shell\BakeShell.php, line 274
Cake\Console\Shell::runCommand() - CORE\src\Console\Shell.php, line 518
Cake\Console\CommandRunner::runShell() - CORE\src\Console\CommandRunner.php, line 342
Cake\Console\CommandRunner::run() - CORE\src\Console\CommandRunner.php, line 164
[main] - ROOT\bin\cake.php, line 12



2018-09-24 16:28:44 Notice: Deprecated (16384): ServerRequest::session() is deprecated. Use getSession() instead. The setter part will be removed. - C:\Program Files (x86)\Ampps\www\CakePHP-3.6.10\CakeHotel\src\Controller\AppController.php, line: 44
 You can disable deprecation warnings by setting `Error.errorLevel` to `E_ALL & ~E_USER_DEPRECATED` in your config/app.php. in [C:\Program Files (x86)\Ampps\www\CakePHP-3.6.10\CakeHotel\vendor\cakephp\cakephp\src\Core\functions.php, line 310]
Trace:
Cake\Error\BaseErrorHandler::handleError() - CORE\src\Error\BaseErrorHandler.php, line 159
deprecationWarning - CORE\src\Core\functions.php, line 310
Cake\Http\ServerRequest::session() - CORE\src\Http\ServerRequest.php, line 564
App\Controller\AppController::initialize() - APP/Controller\AppController.php, line 44
Cake\Controller\Controller::__construct() - CORE\src\Controller\Controller.php, line 272
Bake\Shell\Task\TestTask::buildTestSubject() - ROOT\vendor\cakephp\bake\src\Shell\Task\TestTask.php, line 330
Bake\Shell\Task\TestTask::bake() - ROOT\vendor\cakephp\bake\src\Shell\Task\TestTask.php, line 237
Bake\Shell\Task\ControllerTask::bakeTest() - ROOT\vendor\cakephp\bake\src\Shell\Task\ControllerTask.php, line 214
Bake\Shell\Task\ControllerTask::bake() - ROOT\vendor\cakephp\bake\src\Shell\Task\ControllerTask.php, line 163
Bake\Shell\Task\ControllerTask::main() - ROOT\vendor\cakephp\bake\src\Shell\Task\ControllerTask.php, line 69
Bake\Shell\BakeShell::Bake\Shell\{closure}() - ROOT\vendor\cakephp\bake\src\Shell\BakeShell.php, line 273
Cake\Collection\Collection::each() - CORE\src\Collection\CollectionTrait.php, line 51
Bake\Shell\BakeShell::all() - ROOT\vendor\cakephp\bake\src\Shell\BakeShell.php, line 274
Cake\Console\Shell::runCommand() - CORE\src\Console\Shell.php, line 518
Cake\Console\CommandRunner::runShell() - CORE\src\Console\CommandRunner.php, line 342
Cake\Console\CommandRunner::run() - CORE\src\Console\CommandRunner.php, line 164
[main] - ROOT\bin\cake.php, line 12



2018-10-01 02:22:56 Notice: Deprecated (16384): ServerRequest::session() is deprecated. Use getSession() instead. The setter part will be removed. - C:\Program Files (x86)\Ampps\www\CakePHP-3.6.10\CakeHotel\src\Controller\AppController.php, line: 44
 You can disable deprecation warnings by setting `Error.errorLevel` to `E_ALL & ~E_USER_DEPRECATED` in your config/app.php. in [C:\Program Files (x86)\Ampps\www\CakePHP-3.6.10\CakeHotel\vendor\cakephp\cakephp\src\Core\functions.php, line 310]
Trace:
Cake\Error\BaseErrorHandler::handleError() - CORE\src\Error\BaseErrorHandler.php, line 159
deprecationWarning - CORE\src\Core\functions.php, line 310
Cake\Http\ServerRequest::session() - CORE\src\Http\ServerRequest.php, line 564
App\Controller\AppController::initialize() - APP/Controller\AppController.php, line 44
Cake\Controller\Controller::__construct() - CORE\src\Controller\Controller.php, line 272
Bake\Shell\Task\TestTask::buildTestSubject() - ROOT\vendor\cakephp\bake\src\Shell\Task\TestTask.php, line 330
Bake\Shell\Task\TestTask::bake() - ROOT\vendor\cakephp\bake\src\Shell\Task\TestTask.php, line 237
Bake\Shell\Task\ControllerTask::bakeTest() - ROOT\vendor\cakephp\bake\src\Shell\Task\ControllerTask.php, line 214
Bake\Shell\Task\ControllerTask::bake() - ROOT\vendor\cakephp\bake\src\Shell\Task\ControllerTask.php, line 163
Bake\Shell\Task\ControllerTask::main() - ROOT\vendor\cakephp\bake\src\Shell\Task\ControllerTask.php, line 69
Bake\Shell\BakeShell::Bake\Shell\{closure}() - ROOT\vendor\cakephp\bake\src\Shell\BakeShell.php, line 273
Cake\Collection\Collection::each() - CORE\src\Collection\CollectionTrait.php, line 51
Bake\Shell\BakeShell::all() - ROOT\vendor\cakephp\bake\src\Shell\BakeShell.php, line 274
Cake\Console\Shell::runCommand() - CORE\src\Console\Shell.php, line 518
Cake\Console\CommandRunner::runShell() - CORE\src\Console\CommandRunner.php, line 342
Cake\Console\CommandRunner::run() - CORE\src\Console\CommandRunner.php, line 164
[main] - ROOT\bin\cake.php, line 12



2018-10-01 02:43:41 Notice: Deprecated (16384): ServerRequest::session() is deprecated. Use getSession() instead. The setter part will be removed. - C:\Program Files (x86)\Ampps\www\CakePHP-3.6.10\CakeHotel\src\Controller\AppController.php, line: 44
 You can disable deprecation warnings by setting `Error.errorLevel` to `E_ALL & ~E_USER_DEPRECATED` in your config/app.php. in [C:\Program Files (x86)\Ampps\www\CakePHP-3.6.10\CakeHotel\vendor\cakephp\cakephp\src\Core\functions.php, line 310]
Trace:
Cake\Error\BaseErrorHandler::handleError() - CORE\src\Error\BaseErrorHandler.php, line 159
deprecationWarning - CORE\src\Core\functions.php, line 310
Cake\Http\ServerRequest::session() - CORE\src\Http\ServerRequest.php, line 564
App\Controller\AppController::initialize() - APP/Controller\AppController.php, line 44
Cake\Controller\Controller::__construct() - CORE\src\Controller\Controller.php, line 272
Bake\Shell\Task\TestTask::buildTestSubject() - ROOT\vendor\cakephp\bake\src\Shell\Task\TestTask.php, line 330
Bake\Shell\Task\TestTask::bake() - ROOT\vendor\cakephp\bake\src\Shell\Task\TestTask.php, line 237
Bake\Shell\Task\ControllerTask::bakeTest() - ROOT\vendor\cakephp\bake\src\Shell\Task\ControllerTask.php, line 214
Bake\Shell\Task\ControllerTask::bake() - ROOT\vendor\cakephp\bake\src\Shell\Task\ControllerTask.php, line 163
Bake\Shell\Task\ControllerTask::main() - ROOT\vendor\cakephp\bake\src\Shell\Task\ControllerTask.php, line 69
Bake\Shell\BakeShell::Bake\Shell\{closure}() - ROOT\vendor\cakephp\bake\src\Shell\BakeShell.php, line 273
Cake\Collection\Collection::each() - CORE\src\Collection\CollectionTrait.php, line 51
Bake\Shell\BakeShell::all() - ROOT\vendor\cakephp\bake\src\Shell\BakeShell.php, line 274
Cake\Console\Shell::runCommand() - CORE\src\Console\Shell.php, line 518
Cake\Console\CommandRunner::runShell() - CORE\src\Console\CommandRunner.php, line 342
Cake\Console\CommandRunner::run() - CORE\src\Console\CommandRunner.php, line 164
[main] - ROOT\bin\cake.php, line 12



2018-10-04 16:08:43 Notice: Notice (8): Undefined index: Clients in [C:\Program Files (x86)\Ampps\www\CakePHP-3.6.10\CakeHotel\vendor\cakephp\bake\src\View\Helper\DocBlockHelper.php, line 238]
Trace:
Cake\Error\BaseErrorHandler::handleError() - CORE\src\Error\BaseErrorHandler.php, line 159
Bake\View\Helper\DocBlockHelper::buildTableAnnotations() - ROOT\vendor\cakephp\bake\src\View\Helper\DocBlockHelper.php, line 238
Twig_Template::getAttribute() - ROOT\vendor\twig\twig\lib\Twig\Template.php, line 679
__TwigTemplate_d9b9176e4ac7cdba6a48e168b5a5b9760df1af3b61a890a44ab92768e2c22460::doDisplay() - ROOT\tmp\cache\twigView\32\328cd53d5e1d107a3220331457669b24d0d2899a26b9bd5f09ea5d32fd0ef06d.php, line 22
Twig_Template::displayWithErrorHandling() - ROOT\vendor\twig\twig\lib\Twig\Template.php, line 432
Twig_Template::display() - ROOT\vendor\twig\twig\lib\Twig\Template.php, line 403
Twig_Template::render() - ROOT\vendor\twig\twig\lib\Twig\Template.php, line 411
WyriHaximus\TwigView\View\TwigView::_render() - ROOT\vendor\wyrihaximus\twig-view\src\View\TwigView.php, line 180
Bake\View\BakeView::render() - ROOT\vendor\cakephp\bake\src\View\BakeView.php, line 146
Bake\Shell\Task\BakeTemplateTask::generate() - ROOT\vendor\cakephp\bake\src\Shell\Task\BakeTemplateTask.php, line 91
Bake\Shell\Task\ModelTask::bakeTable() - ROOT\vendor\cakephp\bake\src\Shell\Task\ModelTask.php, line 956
Bake\Shell\Task\ModelTask::bake() - ROOT\vendor\cakephp\bake\src\Shell\Task\ModelTask.php, line 114
Bake\Shell\Task\ModelTask::main() - ROOT\vendor\cakephp\bake\src\Shell\Task\ModelTask.php, line 100
Bake\Shell\BakeShell::Bake\Shell\{closure}() - ROOT\vendor\cakephp\bake\src\Shell\BakeShell.php, line 273
Cake\Collection\Collection::each() - CORE\src\Collection\CollectionTrait.php, line 51
Bake\Shell\BakeShell::all() - ROOT\vendor\cakephp\bake\src\Shell\BakeShell.php, line 274
Cake\Console\Shell::runCommand() - CORE\src\Console\Shell.php, line 518
Cake\Console\CommandRunner::runShell() - CORE\src\Console\CommandRunner.php, line 342
Cake\Console\CommandRunner::run() - CORE\src\Console\CommandRunner.php, line 164
[main] - ROOT\bin\cake.php, line 12



2018-10-04 16:08:59 Notice: Deprecated (16384): ServerRequest::session() is deprecated. Use getSession() instead. The setter part will be removed. - C:\Program Files (x86)\Ampps\www\CakePHP-3.6.10\CakeHotel\src\Controller\AppController.php, line: 44
 You can disable deprecation warnings by setting `Error.errorLevel` to `E_ALL & ~E_USER_DEPRECATED` in your config/app.php. in [C:\Program Files (x86)\Ampps\www\CakePHP-3.6.10\CakeHotel\vendor\cakephp\cakephp\src\Core\functions.php, line 310]
Trace:
Cake\Error\BaseErrorHandler::handleError() - CORE\src\Error\BaseErrorHandler.php, line 159
deprecationWarning - CORE\src\Core\functions.php, line 310
Cake\Http\ServerRequest::session() - CORE\src\Http\ServerRequest.php, line 564
App\Controller\AppController::initialize() - APP/Controller\AppController.php, line 44
Cake\Controller\Controller::__construct() - CORE\src\Controller\Controller.php, line 272
Bake\Shell\Task\TestTask::buildTestSubject() - ROOT\vendor\cakephp\bake\src\Shell\Task\TestTask.php, line 330
Bake\Shell\Task\TestTask::bake() - ROOT\vendor\cakephp\bake\src\Shell\Task\TestTask.php, line 237
Bake\Shell\Task\ControllerTask::bakeTest() - ROOT\vendor\cakephp\bake\src\Shell\Task\ControllerTask.php, line 214
Bake\Shell\Task\ControllerTask::bake() - ROOT\vendor\cakephp\bake\src\Shell\Task\ControllerTask.php, line 163
Bake\Shell\Task\ControllerTask::main() - ROOT\vendor\cakephp\bake\src\Shell\Task\ControllerTask.php, line 69
Bake\Shell\BakeShell::Bake\Shell\{closure}() - ROOT\vendor\cakephp\bake\src\Shell\BakeShell.php, line 273
Cake\Collection\Collection::each() - CORE\src\Collection\CollectionTrait.php, line 51
Bake\Shell\BakeShell::all() - ROOT\vendor\cakephp\bake\src\Shell\BakeShell.php, line 274
Cake\Console\Shell::runCommand() - CORE\src\Console\Shell.php, line 518
Cake\Console\CommandRunner::runShell() - CORE\src\Console\CommandRunner.php, line 342
Cake\Console\CommandRunner::run() - CORE\src\Console\CommandRunner.php, line 164
[main] - ROOT\bin\cake.php, line 12



2018-10-04 16:09:07 Notice: Notice (8): Undefined index: Hotels in [C:\Program Files (x86)\Ampps\www\CakePHP-3.6.10\CakeHotel\vendor\cakephp\bake\src\View\Helper\DocBlockHelper.php, line 238]
Trace:
Cake\Error\BaseErrorHandler::handleError() - CORE\src\Error\BaseErrorHandler.php, line 159
Bake\View\Helper\DocBlockHelper::buildTableAnnotations() - ROOT\vendor\cakephp\bake\src\View\Helper\DocBlockHelper.php, line 238
Twig_Template::getAttribute() - ROOT\vendor\twig\twig\lib\Twig\Template.php, line 679
__TwigTemplate_d9b9176e4ac7cdba6a48e168b5a5b9760df1af3b61a890a44ab92768e2c22460::doDisplay() - ROOT\tmp\cache\twigView\32\328cd53d5e1d107a3220331457669b24d0d2899a26b9bd5f09ea5d32fd0ef06d.php, line 22
Twig_Template::displayWithErrorHandling() - ROOT\vendor\twig\twig\lib\Twig\Template.php, line 432
Twig_Template::display() - ROOT\vendor\twig\twig\lib\Twig\Template.php, line 403
Twig_Template::render() - ROOT\vendor\twig\twig\lib\Twig\Template.php, line 411
WyriHaximus\TwigView\View\TwigView::_render() - ROOT\vendor\wyrihaximus\twig-view\src\View\TwigView.php, line 180
Bake\View\BakeView::render() - ROOT\vendor\cakephp\bake\src\View\BakeView.php, line 146
Bake\Shell\Task\BakeTemplateTask::generate() - ROOT\vendor\cakephp\bake\src\Shell\Task\BakeTemplateTask.php, line 91
Bake\Shell\Task\ModelTask::bakeTable() - ROOT\vendor\cakephp\bake\src\Shell\Task\ModelTask.php, line 956
Bake\Shell\Task\ModelTask::bake() - ROOT\vendor\cakephp\bake\src\Shell\Task\ModelTask.php, line 114
Bake\Shell\Task\ModelTask::main() - ROOT\vendor\cakephp\bake\src\Shell\Task\ModelTask.php, line 100
Bake\Shell\BakeShell::Bake\Shell\{closure}() - ROOT\vendor\cakephp\bake\src\Shell\BakeShell.php, line 273
Cake\Collection\Collection::each() - CORE\src\Collection\CollectionTrait.php, line 51
Bake\Shell\BakeShell::all() - ROOT\vendor\cakephp\bake\src\Shell\BakeShell.php, line 274
Cake\Console\Shell::runCommand() - CORE\src\Console\Shell.php, line 518
Cake\Console\CommandRunner::runShell() - CORE\src\Console\CommandRunner.php, line 342
Cake\Console\CommandRunner::run() - CORE\src\Console\CommandRunner.php, line 164
[main] - ROOT\bin\cake.php, line 12



2018-10-04 16:09:08 Notice: Deprecated (16384): ServerRequest::session() is deprecated. Use getSession() instead. The setter part will be removed. - C:\Program Files (x86)\Ampps\www\CakePHP-3.6.10\CakeHotel\src\Controller\AppController.php, line: 44
 You can disable deprecation warnings by setting `Error.errorLevel` to `E_ALL & ~E_USER_DEPRECATED` in your config/app.php. in [C:\Program Files (x86)\Ampps\www\CakePHP-3.6.10\CakeHotel\vendor\cakephp\cakephp\src\Core\functions.php, line 310]
Trace:
Cake\Error\BaseErrorHandler::handleError() - CORE\src\Error\BaseErrorHandler.php, line 159
deprecationWarning - CORE\src\Core\functions.php, line 310
Cake\Http\ServerRequest::session() - CORE\src\Http\ServerRequest.php, line 564
App\Controller\AppController::initialize() - APP/Controller\AppController.php, line 44
Cake\Controller\Controller::__construct() - CORE\src\Controller\Controller.php, line 272
Bake\Shell\Task\TestTask::buildTestSubject() - ROOT\vendor\cakephp\bake\src\Shell\Task\TestTask.php, line 330
Bake\Shell\Task\TestTask::bake() - ROOT\vendor\cakephp\bake\src\Shell\Task\TestTask.php, line 237
Bake\Shell\Task\ControllerTask::bakeTest() - ROOT\vendor\cakephp\bake\src\Shell\Task\ControllerTask.php, line 214
Bake\Shell\Task\ControllerTask::bake() - ROOT\vendor\cakephp\bake\src\Shell\Task\ControllerTask.php, line 163
Bake\Shell\Task\ControllerTask::main() - ROOT\vendor\cakephp\bake\src\Shell\Task\ControllerTask.php, line 69
Bake\Shell\BakeShell::Bake\Shell\{closure}() - ROOT\vendor\cakephp\bake\src\Shell\BakeShell.php, line 273
Cake\Collection\Collection::each() - CORE\src\Collection\CollectionTrait.php, line 51
Bake\Shell\BakeShell::all() - ROOT\vendor\cakephp\bake\src\Shell\BakeShell.php, line 274
Cake\Console\Shell::runCommand() - CORE\src\Console\Shell.php, line 518
Cake\Console\CommandRunner::runShell() - CORE\src\Console\CommandRunner.php, line 342
Cake\Console\CommandRunner::run() - CORE\src\Console\CommandRunner.php, line 164
[main] - ROOT\bin\cake.php, line 12



2018-10-04 16:54:55 Notice: Notice (8): Undefined index: Roles in [C:\Program Files (x86)\Ampps\www\CakePHP-3.6.10\CakeHotel\vendor\cakephp\bake\src\View\Helper\DocBlockHelper.php, line 238]
Trace:
Cake\Error\BaseErrorHandler::handleError() - CORE\src\Error\BaseErrorHandler.php, line 159
Bake\View\Helper\DocBlockHelper::buildTableAnnotations() - ROOT\vendor\cakephp\bake\src\View\Helper\DocBlockHelper.php, line 238
Twig_Template::getAttribute() - ROOT\vendor\twig\twig\lib\Twig\Template.php, line 679
__TwigTemplate_d9b9176e4ac7cdba6a48e168b5a5b9760df1af3b61a890a44ab92768e2c22460::doDisplay() - ROOT\tmp\cache\twigView\32\328cd53d5e1d107a3220331457669b24d0d2899a26b9bd5f09ea5d32fd0ef06d.php, line 22
Twig_Template::displayWithErrorHandling() - ROOT\vendor\twig\twig\lib\Twig\Template.php, line 432
Twig_Template::display() - ROOT\vendor\twig\twig\lib\Twig\Template.php, line 403
Twig_Template::render() - ROOT\vendor\twig\twig\lib\Twig\Template.php, line 411
WyriHaximus\TwigView\View\TwigView::_render() - ROOT\vendor\wyrihaximus\twig-view\src\View\TwigView.php, line 180
Bake\View\BakeView::render() - ROOT\vendor\cakephp\bake\src\View\BakeView.php, line 146
Bake\Shell\Task\BakeTemplateTask::generate() - ROOT\vendor\cakephp\bake\src\Shell\Task\BakeTemplateTask.php, line 91
Bake\Shell\Task\ModelTask::bakeTable() - ROOT\vendor\cakephp\bake\src\Shell\Task\ModelTask.php, line 956
Bake\Shell\Task\ModelTask::bake() - ROOT\vendor\cakephp\bake\src\Shell\Task\ModelTask.php, line 114
Bake\Shell\Task\ModelTask::main() - ROOT\vendor\cakephp\bake\src\Shell\Task\ModelTask.php, line 100
Bake\Shell\BakeShell::Bake\Shell\{closure}() - ROOT\vendor\cakephp\bake\src\Shell\BakeShell.php, line 273
Cake\Collection\Collection::each() - CORE\src\Collection\CollectionTrait.php, line 51
Bake\Shell\BakeShell::all() - ROOT\vendor\cakephp\bake\src\Shell\BakeShell.php, line 274
Cake\Console\Shell::runCommand() - CORE\src\Console\Shell.php, line 518
Cake\Console\CommandRunner::runShell() - CORE\src\Console\CommandRunner.php, line 342
Cake\Console\CommandRunner::run() - CORE\src\Console\CommandRunner.php, line 164
[main] - ROOT\bin\cake.php, line 12



2018-10-04 16:54:57 Notice: Deprecated (16384): ServerRequest::session() is deprecated. Use getSession() instead. The setter part will be removed. - C:\Program Files (x86)\Ampps\www\CakePHP-3.6.10\CakeHotel\src\Controller\AppController.php, line: 44
 You can disable deprecation warnings by setting `Error.errorLevel` to `E_ALL & ~E_USER_DEPRECATED` in your config/app.php. in [C:\Program Files (x86)\Ampps\www\CakePHP-3.6.10\CakeHotel\vendor\cakephp\cakephp\src\Core\functions.php, line 310]
Trace:
Cake\Error\BaseErrorHandler::handleError() - CORE\src\Error\BaseErrorHandler.php, line 159
deprecationWarning - CORE\src\Core\functions.php, line 310
Cake\Http\ServerRequest::session() - CORE\src\Http\ServerRequest.php, line 564
App\Controller\AppController::initialize() - APP/Controller\AppController.php, line 44
Cake\Controller\Controller::__construct() - CORE\src\Controller\Controller.php, line 272
Bake\Shell\Task\TestTask::buildTestSubject() - ROOT\vendor\cakephp\bake\src\Shell\Task\TestTask.php, line 330
Bake\Shell\Task\TestTask::bake() - ROOT\vendor\cakephp\bake\src\Shell\Task\TestTask.php, line 237
Bake\Shell\Task\ControllerTask::bakeTest() - ROOT\vendor\cakephp\bake\src\Shell\Task\ControllerTask.php, line 214
Bake\Shell\Task\ControllerTask::bake() - ROOT\vendor\cakephp\bake\src\Shell\Task\ControllerTask.php, line 163
Bake\Shell\Task\ControllerTask::main() - ROOT\vendor\cakephp\bake\src\Shell\Task\ControllerTask.php, line 69
Bake\Shell\BakeShell::Bake\Shell\{closure}() - ROOT\vendor\cakephp\bake\src\Shell\BakeShell.php, line 273
Cake\Collection\Collection::each() - CORE\src\Collection\CollectionTrait.php, line 51
Bake\Shell\BakeShell::all() - ROOT\vendor\cakephp\bake\src\Shell\BakeShell.php, line 274
Cake\Console\Shell::runCommand() - CORE\src\Console\Shell.php, line 518
Cake\Console\CommandRunner::runShell() - CORE\src\Console\CommandRunner.php, line 342
Cake\Console\CommandRunner::run() - CORE\src\Console\CommandRunner.php, line 164
[main] - ROOT\bin\cake.php, line 12



2018-10-04 18:11:22 Notice: Deprecated (16384): ServerRequest::session() is deprecated. Use getSession() instead. The setter part will be removed. - C:\Program Files (x86)\Ampps\www\CakePHP-3.6.10\CakeHotel\src\Controller\AppController.php, line: 44
 You can disable deprecation warnings by setting `Error.errorLevel` to `E_ALL & ~E_USER_DEPRECATED` in your config/app.php. in [C:\Program Files (x86)\Ampps\www\CakePHP-3.6.10\CakeHotel\vendor\cakephp\cakephp\src\Core\functions.php, line 310]
Trace:
Cake\Error\BaseErrorHandler::handleError() - CORE\src\Error\BaseErrorHandler.php, line 159
deprecationWarning - CORE\src\Core\functions.php, line 310
Cake\Http\ServerRequest::session() - CORE\src\Http\ServerRequest.php, line 564
App\Controller\AppController::initialize() - APP/Controller\AppController.php, line 44
Cake\Controller\Controller::__construct() - CORE\src\Controller\Controller.php, line 272
Bake\Shell\Task\TestTask::buildTestSubject() - ROOT\vendor\cakephp\bake\src\Shell\Task\TestTask.php, line 330
Bake\Shell\Task\TestTask::bake() - ROOT\vendor\cakephp\bake\src\Shell\Task\TestTask.php, line 237
Bake\Shell\Task\ControllerTask::bakeTest() - ROOT\vendor\cakephp\bake\src\Shell\Task\ControllerTask.php, line 214
Bake\Shell\Task\ControllerTask::bake() - ROOT\vendor\cakephp\bake\src\Shell\Task\ControllerTask.php, line 163
Bake\Shell\Task\ControllerTask::main() - ROOT\vendor\cakephp\bake\src\Shell\Task\ControllerTask.php, line 69
Bake\Shell\BakeShell::Bake\Shell\{closure}() - ROOT\vendor\cakephp\bake\src\Shell\BakeShell.php, line 273
Cake\Collection\Collection::each() - CORE\src\Collection\CollectionTrait.php, line 51
Bake\Shell\BakeShell::all() - ROOT\vendor\cakephp\bake\src\Shell\BakeShell.php, line 274
Cake\Console\Shell::runCommand() - CORE\src\Console\Shell.php, line 518
Cake\Console\CommandRunner::runShell() - CORE\src\Console\CommandRunner.php, line 342
Cake\Console\CommandRunner::run() - CORE\src\Console\CommandRunner.php, line 164
[main] - ROOT\bin\cake.php, line 12



2018-10-07 20:34:05 Notice: Notice (8): Undefined index: Users in [E:\Program Files\Ampps\www\CakeHotel - backup\vendor\cakephp\bake\src\View\Helper\DocBlockHelper.php, line 238]
Trace:
Cake\Error\BaseErrorHandler::handleError() - CORE\src\Error\BaseErrorHandler.php, line 159
Bake\View\Helper\DocBlockHelper::buildTableAnnotations() - ROOT\vendor\cakephp\bake\src\View\Helper\DocBlockHelper.php, line 238
Twig_Template::getAttribute() - ROOT\vendor\twig\twig\lib\Twig\Template.php, line 679
__TwigTemplate_4edc53ceee159102721bd75a56bbc87081c2c23006f58f30e5818a29f6c648e7::doDisplay() - ROOT\tmp\cache\twigView\04\0476d69d1af1859917a85a1897ca6733845f56449c0315268469c02d9c081970.php, line 22
Twig_Template::displayWithErrorHandling() - ROOT\vendor\twig\twig\lib\Twig\Template.php, line 432
Twig_Template::display() - ROOT\vendor\twig\twig\lib\Twig\Template.php, line 403
Twig_Template::render() - ROOT\vendor\twig\twig\lib\Twig\Template.php, line 411
WyriHaximus\TwigView\View\TwigView::_render() - ROOT\vendor\wyrihaximus\twig-view\src\View\TwigView.php, line 180
Bake\View\BakeView::render() - ROOT\vendor\cakephp\bake\src\View\BakeView.php, line 146
Bake\Shell\Task\BakeTemplateTask::generate() - ROOT\vendor\cakephp\bake\src\Shell\Task\BakeTemplateTask.php, line 91
Bake\Shell\Task\ModelTask::bakeTable() - ROOT\vendor\cakephp\bake\src\Shell\Task\ModelTask.php, line 956
Bake\Shell\Task\ModelTask::bake() - ROOT\vendor\cakephp\bake\src\Shell\Task\ModelTask.php, line 114
Bake\Shell\Task\ModelTask::main() - ROOT\vendor\cakephp\bake\src\Shell\Task\ModelTask.php, line 100
Bake\Shell\BakeShell::Bake\Shell\{closure}() - ROOT\vendor\cakephp\bake\src\Shell\BakeShell.php, line 273
Cake\Collection\Collection::each() - CORE\src\Collection\CollectionTrait.php, line 51
Bake\Shell\BakeShell::all() - ROOT\vendor\cakephp\bake\src\Shell\BakeShell.php, line 274
Cake\Console\Shell::runCommand() - CORE\src\Console\Shell.php, line 518
Cake\Console\CommandRunner::runShell() - CORE\src\Console\CommandRunner.php, line 342
Cake\Console\CommandRunner::run() - CORE\src\Console\CommandRunner.php, line 164
[main] - ROOT\bin\cake.php, line 12



2018-10-07 20:34:15 Notice: Notice (8): Undefined index: Users in [E:\Program Files\Ampps\www\CakeHotel - backup\vendor\cakephp\bake\src\View\Helper\DocBlockHelper.php, line 238]
Trace:
Cake\Error\BaseErrorHandler::handleError() - CORE\src\Error\BaseErrorHandler.php, line 159
Bake\View\Helper\DocBlockHelper::buildTableAnnotations() - ROOT\vendor\cakephp\bake\src\View\Helper\DocBlockHelper.php, line 238
Twig_Template::getAttribute() - ROOT\vendor\twig\twig\lib\Twig\Template.php, line 679
__TwigTemplate_4edc53ceee159102721bd75a56bbc87081c2c23006f58f30e5818a29f6c648e7::doDisplay() - ROOT\tmp\cache\twigView\04\0476d69d1af1859917a85a1897ca6733845f56449c0315268469c02d9c081970.php, line 22
Twig_Template::displayWithErrorHandling() - ROOT\vendor\twig\twig\lib\Twig\Template.php, line 432
Twig_Template::display() - ROOT\vendor\twig\twig\lib\Twig\Template.php, line 403
Twig_Template::render() - ROOT\vendor\twig\twig\lib\Twig\Template.php, line 411
WyriHaximus\TwigView\View\TwigView::_render() - ROOT\vendor\wyrihaximus\twig-view\src\View\TwigView.php, line 180
Bake\View\BakeView::render() - ROOT\vendor\cakephp\bake\src\View\BakeView.php, line 146
Bake\Shell\Task\BakeTemplateTask::generate() - ROOT\vendor\cakephp\bake\src\Shell\Task\BakeTemplateTask.php, line 91
Bake\Shell\Task\ModelTask::bakeTable() - ROOT\vendor\cakephp\bake\src\Shell\Task\ModelTask.php, line 956
Bake\Shell\Task\ModelTask::bake() - ROOT\vendor\cakephp\bake\src\Shell\Task\ModelTask.php, line 114
Bake\Shell\Task\ModelTask::main() - ROOT\vendor\cakephp\bake\src\Shell\Task\ModelTask.php, line 100
Bake\Shell\BakeShell::Bake\Shell\{closure}() - ROOT\vendor\cakephp\bake\src\Shell\BakeShell.php, line 273
Cake\Collection\Collection::each() - CORE\src\Collection\CollectionTrait.php, line 51
Bake\Shell\BakeShell::all() - ROOT\vendor\cakephp\bake\src\Shell\BakeShell.php, line 274
Cake\Console\Shell::runCommand() - CORE\src\Console\Shell.php, line 518
Cake\Console\CommandRunner::runShell() - CORE\src\Console\CommandRunner.php, line 342
Cake\Console\CommandRunner::run() - CORE\src\Console\CommandRunner.php, line 164
[main] - ROOT\bin\cake.php, line 12



2018-10-07 20:34:34 Notice: Deprecated (16384): ServerRequest::session() is deprecated. Use getSession() instead. The setter part will be removed. - E:\Program Files\Ampps\www\CakeHotel - backup\src\Controller\AppController.php, line: 44
 You can disable deprecation warnings by setting `Error.errorLevel` to `E_ALL & ~E_USER_DEPRECATED` in your config/app.php. in [E:\Program Files\Ampps\www\CakeHotel - backup\vendor\cakephp\cakephp\src\Core\functions.php, line 310]
Trace:
Cake\Error\BaseErrorHandler::handleError() - CORE\src\Error\BaseErrorHandler.php, line 159
deprecationWarning - CORE\src\Core\functions.php, line 310
Cake\Http\ServerRequest::session() - CORE\src\Http\ServerRequest.php, line 564
App\Controller\AppController::initialize() - APP/Controller\AppController.php, line 44
App\Controller\ClientsController::initialize() - APP/Controller\ClientsController.php, line 111
Cake\Controller\Controller::__construct() - CORE\src\Controller\Controller.php, line 272
Bake\Shell\Task\TestTask::buildTestSubject() - ROOT\vendor\cakephp\bake\src\Shell\Task\TestTask.php, line 330
Bake\Shell\Task\TestTask::bake() - ROOT\vendor\cakephp\bake\src\Shell\Task\TestTask.php, line 237
Bake\Shell\Task\ControllerTask::bakeTest() - ROOT\vendor\cakephp\bake\src\Shell\Task\ControllerTask.php, line 214
Bake\Shell\Task\ControllerTask::bake() - ROOT\vendor\cakephp\bake\src\Shell\Task\ControllerTask.php, line 163
Bake\Shell\Task\ControllerTask::main() - ROOT\vendor\cakephp\bake\src\Shell\Task\ControllerTask.php, line 69
Bake\Shell\BakeShell::Bake\Shell\{closure}() - ROOT\vendor\cakephp\bake\src\Shell\BakeShell.php, line 273
Cake\Collection\Collection::each() - CORE\src\Collection\CollectionTrait.php, line 51
Bake\Shell\BakeShell::all() - ROOT\vendor\cakephp\bake\src\Shell\BakeShell.php, line 274
Cake\Console\Shell::runCommand() - CORE\src\Console\Shell.php, line 518
Cake\Console\CommandRunner::runShell() - CORE\src\Console\CommandRunner.php, line 342
Cake\Console\CommandRunner::run() - CORE\src\Console\CommandRunner.php, line 164
[main] - ROOT\bin\cake.php, line 12



2018-10-08 20:44:40 Notice: Deprecated (16384): ServerRequest::session() is deprecated. Use getSession() instead. The setter part will be removed. - E:\Program Files\Ampps\www\CakeHotel - backup\src\Controller\AppController.php, line: 44
 You can disable deprecation warnings by setting `Error.errorLevel` to `E_ALL & ~E_USER_DEPRECATED` in your config/app.php. in [E:\Program Files\Ampps\www\CakeHotel - backup\vendor\cakephp\cakephp\src\Core\functions.php, line 310]
Trace:
Cake\Error\BaseErrorHandler::handleError() - CORE\src\Error\BaseErrorHandler.php, line 159
deprecationWarning - CORE\src\Core\functions.php, line 310
Cake\Http\ServerRequest::session() - CORE\src\Http\ServerRequest.php, line 564
App\Controller\AppController::initialize() - APP/Controller\AppController.php, line 44
Cake\Controller\Controller::__construct() - CORE\src\Controller\Controller.php, line 272
Bake\Shell\Task\TestTask::buildTestSubject() - ROOT\vendor\cakephp\bake\src\Shell\Task\TestTask.php, line 330
Bake\Shell\Task\TestTask::bake() - ROOT\vendor\cakephp\bake\src\Shell\Task\TestTask.php, line 237
Bake\Shell\Task\ControllerTask::bakeTest() - ROOT\vendor\cakephp\bake\src\Shell\Task\ControllerTask.php, line 214
Bake\Shell\Task\ControllerTask::bake() - ROOT\vendor\cakephp\bake\src\Shell\Task\ControllerTask.php, line 163
Bake\Shell\Task\ControllerTask::main() - ROOT\vendor\cakephp\bake\src\Shell\Task\ControllerTask.php, line 69
Bake\Shell\BakeShell::Bake\Shell\{closure}() - ROOT\vendor\cakephp\bake\src\Shell\BakeShell.php, line 273
Cake\Collection\Collection::each() - CORE\src\Collection\CollectionTrait.php, line 51
Bake\Shell\BakeShell::all() - ROOT\vendor\cakephp\bake\src\Shell\BakeShell.php, line 274
Cake\Console\Shell::runCommand() - CORE\src\Console\Shell.php, line 518
Cake\Console\CommandRunner::runShell() - CORE\src\Console\CommandRunner.php, line 342
Cake\Console\CommandRunner::run() - CORE\src\Console\CommandRunner.php, line 164
[main] - ROOT\bin\cake.php, line 12



2018-10-10 18:26:25 Notice: Deprecated (16384): You no longer need to call `Plugin::routes()` after upgrading to use Http\Server. See https://book.cakephp.org/3.0/en/development/application.html#adding-the-new-http-stack-to-an-existing-application for upgrade information. - C:\Program Files (x86)\Ampps\www\CakePHP-3.6.10\CakeHotel - backup\config\routes.php, line: 93
 You can disable deprecation warnings by setting `Error.errorLevel` to `E_ALL & ~E_USER_DEPRECATED` in your config/app.php. in [C:\Program Files (x86)\Ampps\www\CakePHP-3.6.10\CakeHotel - backup\vendor\cakephp\cakephp\src\Core\functions.php, line 310]
Trace:
Cake\Error\BaseErrorHandler::handleError() - CORE\src\Error\BaseErrorHandler.php, line 159
deprecationWarning - CORE\src\Core\functions.php, line 310
Cake\Core\Plugin::routes() - CORE\src\Core\Plugin.php, line 307
require - ROOT\config\routes.php, line 93
Cake\Http\BaseApplication::routes() - CORE\src\Http\BaseApplication.php, line 179
Cake\Console\CommandRunner::loadRoutes() - CORE\src\Console\CommandRunner.php, line 377
Cake\Console\CommandRunner::run() - CORE\src\Console\CommandRunner.php, line 150
[main] - ROOT\bin\cake.php, line 12



2018-10-10 18:26:25 Notice: Deprecated (16384): You no longer need to call `Plugin::routes()` after upgrading to use Http\Server. See https://book.cakephp.org/3.0/en/development/application.html#adding-the-new-http-stack-to-an-existing-application for upgrade information. - C:\Program Files (x86)\Ampps\www\CakePHP-3.6.10\CakeHotel - backup\vendor\cakephp\cakephp\src\Core\Plugin.php, line: 310
 You can disable deprecation warnings by setting `Error.errorLevel` to `E_ALL & ~E_USER_DEPRECATED` in your config/app.php. in [C:\Program Files (x86)\Ampps\www\CakePHP-3.6.10\CakeHotel - backup\vendor\cakephp\cakephp\src\Core\functions.php, line 310]
Trace:
Cake\Error\BaseErrorHandler::handleError() - CORE\src\Error\BaseErrorHandler.php, line 159
deprecationWarning - CORE\src\Core\functions.php, line 310
Cake\Core\Plugin::routes() - CORE\src\Core\Plugin.php, line 307
Cake\Core\Plugin::routes() - CORE\src\Core\Plugin.php, line 310
require - ROOT\config\routes.php, line 93
Cake\Http\BaseApplication::routes() - CORE\src\Http\BaseApplication.php, line 179
Cake\Console\CommandRunner::loadRoutes() - CORE\src\Console\CommandRunner.php, line 377
Cake\Console\CommandRunner::run() - CORE\src\Console\CommandRunner.php, line 150
[main] - ROOT\bin\cake.php, line 12



2018-10-10 18:26:25 Notice: Deprecated (16384): You no longer need to call `Plugin::routes()` after upgrading to use Http\Server. See https://book.cakephp.org/3.0/en/development/application.html#adding-the-new-http-stack-to-an-existing-application for upgrade information. - C:\Program Files (x86)\Ampps\www\CakePHP-3.6.10\CakeHotel - backup\vendor\cakephp\cakephp\src\Core\Plugin.php, line: 310
 You can disable deprecation warnings by setting `Error.errorLevel` to `E_ALL & ~E_USER_DEPRECATED` in your config/app.php. in [C:\Program Files (x86)\Ampps\www\CakePHP-3.6.10\CakeHotel - backup\vendor\cakephp\cakephp\src\Core\functions.php, line 310]
Trace:
Cake\Error\BaseErrorHandler::handleError() - CORE\src\Error\BaseErrorHandler.php, line 159
deprecationWarning - CORE\src\Core\functions.php, line 310
Cake\Core\Plugin::routes() - CORE\src\Core\Plugin.php, line 307
Cake\Core\Plugin::routes() - CORE\src\Core\Plugin.php, line 310
require - ROOT\config\routes.php, line 93
Cake\Http\BaseApplication::routes() - CORE\src\Http\BaseApplication.php, line 179
Cake\Console\CommandRunner::loadRoutes() - CORE\src\Console\CommandRunner.php, line 377
Cake\Console\CommandRunner::run() - CORE\src\Console\CommandRunner.php, line 150
[main] - ROOT\bin\cake.php, line 12



2018-10-10 18:26:25 Notice: Deprecated (16384): You no longer need to call `Plugin::routes()` after upgrading to use Http\Server. See https://book.cakephp.org/3.0/en/development/application.html#adding-the-new-http-stack-to-an-existing-application for upgrade information. - C:\Program Files (x86)\Ampps\www\CakePHP-3.6.10\CakeHotel - backup\vendor\cakephp\cakephp\src\Core\Plugin.php, line: 310
 You can disable deprecation warnings by setting `Error.errorLevel` to `E_ALL & ~E_USER_DEPRECATED` in your config/app.php. in [C:\Program Files (x86)\Ampps\www\CakePHP-3.6.10\CakeHotel - backup\vendor\cakephp\cakephp\src\Core\functions.php, line 310]
Trace:
Cake\Error\BaseErrorHandler::handleError() - CORE\src\Error\BaseErrorHandler.php, line 159
deprecationWarning - CORE\src\Core\functions.php, line 310
Cake\Core\Plugin::routes() - CORE\src\Core\Plugin.php, line 307
Cake\Core\Plugin::routes() - CORE\src\Core\Plugin.php, line 310
require - ROOT\config\routes.php, line 93
Cake\Http\BaseApplication::routes() - CORE\src\Http\BaseApplication.php, line 179
Cake\Console\CommandRunner::loadRoutes() - CORE\src\Console\CommandRunner.php, line 377
Cake\Console\CommandRunner::run() - CORE\src\Console\CommandRunner.php, line 150
[main] - ROOT\bin\cake.php, line 12



2018-10-10 18:26:25 Notice: Deprecated (16384): You no longer need to call `Plugin::routes()` after upgrading to use Http\Server. See https://book.cakephp.org/3.0/en/development/application.html#adding-the-new-http-stack-to-an-existing-application for upgrade information. - C:\Program Files (x86)\Ampps\www\CakePHP-3.6.10\CakeHotel - backup\vendor\cakephp\cakephp\src\Core\Plugin.php, line: 310
 You can disable deprecation warnings by setting `Error.errorLevel` to `E_ALL & ~E_USER_DEPRECATED` in your config/app.php. in [C:\Program Files (x86)\Ampps\www\CakePHP-3.6.10\CakeHotel - backup\vendor\cakephp\cakephp\src\Core\functions.php, line 310]
Trace:
Cake\Error\BaseErrorHandler::handleError() - CORE\src\Error\BaseErrorHandler.php, line 159
deprecationWarning - CORE\src\Core\functions.php, line 310
Cake\Core\Plugin::routes() - CORE\src\Core\Plugin.php, line 307
Cake\Core\Plugin::routes() - CORE\src\Core\Plugin.php, line 310
require - ROOT\config\routes.php, line 93
Cake\Http\BaseApplication::routes() - CORE\src\Http\BaseApplication.php, line 179
Cake\Console\CommandRunner::loadRoutes() - CORE\src\Console\CommandRunner.php, line 377
Cake\Console\CommandRunner::run() - CORE\src\Console\CommandRunner.php, line 150
[main] - ROOT\bin\cake.php, line 12



2018-10-10 18:27:05 Notice: Deprecated (16384): You no longer need to call `Plugin::routes()` after upgrading to use Http\Server. See https://book.cakephp.org/3.0/en/development/application.html#adding-the-new-http-stack-to-an-existing-application for upgrade information. - C:\Program Files (x86)\Ampps\www\CakePHP-3.6.10\CakeHotel - backup\config\routes.php, line: 93
 You can disable deprecation warnings by setting `Error.errorLevel` to `E_ALL & ~E_USER_DEPRECATED` in your config/app.php. in [C:\Program Files (x86)\Ampps\www\CakePHP-3.6.10\CakeHotel - backup\vendor\cakephp\cakephp\src\Core\functions.php, line 310]
Trace:
Cake\Error\BaseErrorHandler::handleError() - CORE\src\Error\BaseErrorHandler.php, line 159
deprecationWarning - CORE\src\Core\functions.php, line 310
Cake\Core\Plugin::routes() - CORE\src\Core\Plugin.php, line 307
require - ROOT\config\routes.php, line 93
Cake\Http\BaseApplication::routes() - CORE\src\Http\BaseApplication.php, line 179
Cake\Console\CommandRunner::loadRoutes() - CORE\src\Console\CommandRunner.php, line 377
Cake\Console\CommandRunner::run() - CORE\src\Console\CommandRunner.php, line 150
[main] - ROOT\bin\cake.php, line 12



2018-10-10 18:27:05 Notice: Deprecated (16384): You no longer need to call `Plugin::routes()` after upgrading to use Http\Server. See https://book.cakephp.org/3.0/en/development/application.html#adding-the-new-http-stack-to-an-existing-application for upgrade information. - C:\Program Files (x86)\Ampps\www\CakePHP-3.6.10\CakeHotel - backup\vendor\cakephp\cakephp\src\Core\Plugin.php, line: 310
 You can disable deprecation warnings by setting `Error.errorLevel` to `E_ALL & ~E_USER_DEPRECATED` in your config/app.php. in [C:\Program Files (x86)\Ampps\www\CakePHP-3.6.10\CakeHotel - backup\vendor\cakephp\cakephp\src\Core\functions.php, line 310]
Trace:
Cake\Error\BaseErrorHandler::handleError() - CORE\src\Error\BaseErrorHandler.php, line 159
deprecationWarning - CORE\src\Core\functions.php, line 310
Cake\Core\Plugin::routes() - CORE\src\Core\Plugin.php, line 307
Cake\Core\Plugin::routes() - CORE\src\Core\Plugin.php, line 310
require - ROOT\config\routes.php, line 93
Cake\Http\BaseApplication::routes() - CORE\src\Http\BaseApplication.php, line 179
Cake\Console\CommandRunner::loadRoutes() - CORE\src\Console\CommandRunner.php, line 377
Cake\Console\CommandRunner::run() - CORE\src\Console\CommandRunner.php, line 150
[main] - ROOT\bin\cake.php, line 12



2018-10-10 18:27:05 Notice: Deprecated (16384): You no longer need to call `Plugin::routes()` after upgrading to use Http\Server. See https://book.cakephp.org/3.0/en/development/application.html#adding-the-new-http-stack-to-an-existing-application for upgrade information. - C:\Program Files (x86)\Ampps\www\CakePHP-3.6.10\CakeHotel - backup\vendor\cakephp\cakephp\src\Core\Plugin.php, line: 310
 You can disable deprecation warnings by setting `Error.errorLevel` to `E_ALL & ~E_USER_DEPRECATED` in your config/app.php. in [C:\Program Files (x86)\Ampps\www\CakePHP-3.6.10\CakeHotel - backup\vendor\cakephp\cakephp\src\Core\functions.php, line 310]
Trace:
Cake\Error\BaseErrorHandler::handleError() - CORE\src\Error\BaseErrorHandler.php, line 159
deprecationWarning - CORE\src\Core\functions.php, line 310
Cake\Core\Plugin::routes() - CORE\src\Core\Plugin.php, line 307
Cake\Core\Plugin::routes() - CORE\src\Core\Plugin.php, line 310
require - ROOT\config\routes.php, line 93
Cake\Http\BaseApplication::routes() - CORE\src\Http\BaseApplication.php, line 179
Cake\Console\CommandRunner::loadRoutes() - CORE\src\Console\CommandRunner.php, line 377
Cake\Console\CommandRunner::run() - CORE\src\Console\CommandRunner.php, line 150
[main] - ROOT\bin\cake.php, line 12



2018-10-10 18:27:05 Notice: Deprecated (16384): You no longer need to call `Plugin::routes()` after upgrading to use Http\Server. See https://book.cakephp.org/3.0/en/development/application.html#adding-the-new-http-stack-to-an-existing-application for upgrade information. - C:\Program Files (x86)\Ampps\www\CakePHP-3.6.10\CakeHotel - backup\vendor\cakephp\cakephp\src\Core\Plugin.php, line: 310
 You can disable deprecation warnings by setting `Error.errorLevel` to `E_ALL & ~E_USER_DEPRECATED` in your config/app.php. in [C:\Program Files (x86)\Ampps\www\CakePHP-3.6.10\CakeHotel - backup\vendor\cakephp\cakephp\src\Core\functions.php, line 310]
Trace:
Cake\Error\BaseErrorHandler::handleError() - CORE\src\Error\BaseErrorHandler.php, line 159
deprecationWarning - CORE\src\Core\functions.php, line 310
Cake\Core\Plugin::routes() - CORE\src\Core\Plugin.php, line 307
Cake\Core\Plugin::routes() - CORE\src\Core\Plugin.php, line 310
require - ROOT\config\routes.php, line 93
Cake\Http\BaseApplication::routes() - CORE\src\Http\BaseApplication.php, line 179
Cake\Console\CommandRunner::loadRoutes() - CORE\src\Console\CommandRunner.php, line 377
Cake\Console\CommandRunner::run() - CORE\src\Console\CommandRunner.php, line 150
[main] - ROOT\bin\cake.php, line 12



2018-10-10 18:27:05 Notice: Deprecated (16384): You no longer need to call `Plugin::routes()` after upgrading to use Http\Server. See https://book.cakephp.org/3.0/en/development/application.html#adding-the-new-http-stack-to-an-existing-application for upgrade information. - C:\Program Files (x86)\Ampps\www\CakePHP-3.6.10\CakeHotel - backup\vendor\cakephp\cakephp\src\Core\Plugin.php, line: 310
 You can disable deprecation warnings by setting `Error.errorLevel` to `E_ALL & ~E_USER_DEPRECATED` in your config/app.php. in [C:\Program Files (x86)\Ampps\www\CakePHP-3.6.10\CakeHotel - backup\vendor\cakephp\cakephp\src\Core\functions.php, line 310]
Trace:
Cake\Error\BaseErrorHandler::handleError() - CORE\src\Error\BaseErrorHandler.php, line 159
deprecationWarning - CORE\src\Core\functions.php, line 310
Cake\Core\Plugin::routes() - CORE\src\Core\Plugin.php, line 307
Cake\Core\Plugin::routes() - CORE\src\Core\Plugin.php, line 310
require - ROOT\config\routes.php, line 93
Cake\Http\BaseApplication::routes() - CORE\src\Http\BaseApplication.php, line 179
Cake\Console\CommandRunner::loadRoutes() - CORE\src\Console\CommandRunner.php, line 377
Cake\Console\CommandRunner::run() - CORE\src\Console\CommandRunner.php, line 150
[main] - ROOT\bin\cake.php, line 12



2018-10-10 19:09:32 Notice: Deprecated (16384): You no longer need to call `Plugin::routes()` after upgrading to use Http\Server. See https://book.cakephp.org/3.0/en/development/application.html#adding-the-new-http-stack-to-an-existing-application for upgrade information. - C:\Program Files (x86)\Ampps\www\CakePHP-3.6.10\CakeHotel - backup\config\routes.php, line: 93
 You can disable deprecation warnings by setting `Error.errorLevel` to `E_ALL & ~E_USER_DEPRECATED` in your config/app.php. in [C:\Program Files (x86)\Ampps\www\CakePHP-3.6.10\CakeHotel - backup\vendor\cakephp\cakephp\src\Core\functions.php, line 310]
Trace:
Cake\Error\BaseErrorHandler::handleError() - CORE\src\Error\BaseErrorHandler.php, line 159
deprecationWarning - CORE\src\Core\functions.php, line 310
Cake\Core\Plugin::routes() - CORE\src\Core\Plugin.php, line 307
require - ROOT\config\routes.php, line 93
Cake\Http\BaseApplication::routes() - CORE\src\Http\BaseApplication.php, line 179
Cake\Console\CommandRunner::loadRoutes() - CORE\src\Console\CommandRunner.php, line 377
Cake\Console\CommandRunner::run() - CORE\src\Console\CommandRunner.php, line 150
[main] - ROOT\bin\cake.php, line 12



2018-10-10 19:09:32 Notice: Deprecated (16384): You no longer need to call `Plugin::routes()` after upgrading to use Http\Server. See https://book.cakephp.org/3.0/en/development/application.html#adding-the-new-http-stack-to-an-existing-application for upgrade information. - C:\Program Files (x86)\Ampps\www\CakePHP-3.6.10\CakeHotel - backup\vendor\cakephp\cakephp\src\Core\Plugin.php, line: 310
 You can disable deprecation warnings by setting `Error.errorLevel` to `E_ALL & ~E_USER_DEPRECATED` in your config/app.php. in [C:\Program Files (x86)\Ampps\www\CakePHP-3.6.10\CakeHotel - backup\vendor\cakephp\cakephp\src\Core\functions.php, line 310]
Trace:
Cake\Error\BaseErrorHandler::handleError() - CORE\src\Error\BaseErrorHandler.php, line 159
deprecationWarning - CORE\src\Core\functions.php, line 310
Cake\Core\Plugin::routes() - CORE\src\Core\Plugin.php, line 307
Cake\Core\Plugin::routes() - CORE\src\Core\Plugin.php, line 310
require - ROOT\config\routes.php, line 93
Cake\Http\BaseApplication::routes() - CORE\src\Http\BaseApplication.php, line 179
Cake\Console\CommandRunner::loadRoutes() - CORE\src\Console\CommandRunner.php, line 377
Cake\Console\CommandRunner::run() - CORE\src\Console\CommandRunner.php, line 150
[main] - ROOT\bin\cake.php, line 12



2018-10-10 19:09:32 Notice: Deprecated (16384): You no longer need to call `Plugin::routes()` after upgrading to use Http\Server. See https://book.cakephp.org/3.0/en/development/application.html#adding-the-new-http-stack-to-an-existing-application for upgrade information. - C:\Program Files (x86)\Ampps\www\CakePHP-3.6.10\CakeHotel - backup\vendor\cakephp\cakephp\src\Core\Plugin.php, line: 310
 You can disable deprecation warnings by setting `Error.errorLevel` to `E_ALL & ~E_USER_DEPRECATED` in your config/app.php. in [C:\Program Files (x86)\Ampps\www\CakePHP-3.6.10\CakeHotel - backup\vendor\cakephp\cakephp\src\Core\functions.php, line 310]
Trace:
Cake\Error\BaseErrorHandler::handleError() - CORE\src\Error\BaseErrorHandler.php, line 159
deprecationWarning - CORE\src\Core\functions.php, line 310
Cake\Core\Plugin::routes() - CORE\src\Core\Plugin.php, line 307
Cake\Core\Plugin::routes() - CORE\src\Core\Plugin.php, line 310
require - ROOT\config\routes.php, line 93
Cake\Http\BaseApplication::routes() - CORE\src\Http\BaseApplication.php, line 179
Cake\Console\CommandRunner::loadRoutes() - CORE\src\Console\CommandRunner.php, line 377
Cake\Console\CommandRunner::run() - CORE\src\Console\CommandRunner.php, line 150
[main] - ROOT\bin\cake.php, line 12



2018-10-10 19:09:32 Notice: Deprecated (16384): You no longer need to call `Plugin::routes()` after upgrading to use Http\Server. See https://book.cakephp.org/3.0/en/development/application.html#adding-the-new-http-stack-to-an-existing-application for upgrade information. - C:\Program Files (x86)\Ampps\www\CakePHP-3.6.10\CakeHotel - backup\vendor\cakephp\cakephp\src\Core\Plugin.php, line: 310
 You can disable deprecation warnings by setting `Error.errorLevel` to `E_ALL & ~E_USER_DEPRECATED` in your config/app.php. in [C:\Program Files (x86)\Ampps\www\CakePHP-3.6.10\CakeHotel - backup\vendor\cakephp\cakephp\src\Core\functions.php, line 310]
Trace:
Cake\Error\BaseErrorHandler::handleError() - CORE\src\Error\BaseErrorHandler.php, line 159
deprecationWarning - CORE\src\Core\functions.php, line 310
Cake\Core\Plugin::routes() - CORE\src\Core\Plugin.php, line 307
Cake\Core\Plugin::routes() - CORE\src\Core\Plugin.php, line 310
require - ROOT\config\routes.php, line 93
Cake\Http\BaseApplication::routes() - CORE\src\Http\BaseApplication.php, line 179
Cake\Console\CommandRunner::loadRoutes() - CORE\src\Console\CommandRunner.php, line 377
Cake\Console\CommandRunner::run() - CORE\src\Console\CommandRunner.php, line 150
[main] - ROOT\bin\cake.php, line 12



2018-10-10 19:09:32 Notice: Deprecated (16384): You no longer need to call `Plugin::routes()` after upgrading to use Http\Server. See https://book.cakephp.org/3.0/en/development/application.html#adding-the-new-http-stack-to-an-existing-application for upgrade information. - C:\Program Files (x86)\Ampps\www\CakePHP-3.6.10\CakeHotel - backup\vendor\cakephp\cakephp\src\Core\Plugin.php, line: 310
 You can disable deprecation warnings by setting `Error.errorLevel` to `E_ALL & ~E_USER_DEPRECATED` in your config/app.php. in [C:\Program Files (x86)\Ampps\www\CakePHP-3.6.10\CakeHotel - backup\vendor\cakephp\cakephp\src\Core\functions.php, line 310]
Trace:
Cake\Error\BaseErrorHandler::handleError() - CORE\src\Error\BaseErrorHandler.php, line 159
deprecationWarning - CORE\src\Core\functions.php, line 310
Cake\Core\Plugin::routes() - CORE\src\Core\Plugin.php, line 307
Cake\Core\Plugin::routes() - CORE\src\Core\Plugin.php, line 310
require - ROOT\config\routes.php, line 93
Cake\Http\BaseApplication::routes() - CORE\src\Http\BaseApplication.php, line 179
Cake\Console\CommandRunner::loadRoutes() - CORE\src\Console\CommandRunner.php, line 377
Cake\Console\CommandRunner::run() - CORE\src\Console\CommandRunner.php, line 150
[main] - ROOT\bin\cake.php, line 12



2018-10-10 19:12:48 Notice: Deprecated (16384): You no longer need to call `Plugin::routes()` after upgrading to use Http\Server. See https://book.cakephp.org/3.0/en/development/application.html#adding-the-new-http-stack-to-an-existing-application for upgrade information. - C:\Program Files (x86)\Ampps\www\CakePHP-3.6.10\CakeHotel - backup\config\routes.php, line: 93
 You can disable deprecation warnings by setting `Error.errorLevel` to `E_ALL & ~E_USER_DEPRECATED` in your config/app.php. in [C:\Program Files (x86)\Ampps\www\CakePHP-3.6.10\CakeHotel - backup\vendor\cakephp\cakephp\src\Core\functions.php, line 310]
Trace:
Cake\Error\BaseErrorHandler::handleError() - CORE\src\Error\BaseErrorHandler.php, line 159
deprecationWarning - CORE\src\Core\functions.php, line 310
Cake\Core\Plugin::routes() - CORE\src\Core\Plugin.php, line 307
require - ROOT\config\routes.php, line 93
Cake\Http\BaseApplication::routes() - CORE\src\Http\BaseApplication.php, line 179
Cake\Console\CommandRunner::loadRoutes() - CORE\src\Console\CommandRunner.php, line 377
Cake\Console\CommandRunner::run() - CORE\src\Console\CommandRunner.php, line 150
[main] - ROOT\bin\cake.php, line 12



2018-10-10 19:12:48 Notice: Deprecated (16384): You no longer need to call `Plugin::routes()` after upgrading to use Http\Server. See https://book.cakephp.org/3.0/en/development/application.html#adding-the-new-http-stack-to-an-existing-application for upgrade information. - C:\Program Files (x86)\Ampps\www\CakePHP-3.6.10\CakeHotel - backup\vendor\cakephp\cakephp\src\Core\Plugin.php, line: 310
 You can disable deprecation warnings by setting `Error.errorLevel` to `E_ALL & ~E_USER_DEPRECATED` in your config/app.php. in [C:\Program Files (x86)\Ampps\www\CakePHP-3.6.10\CakeHotel - backup\vendor\cakephp\cakephp\src\Core\functions.php, line 310]
Trace:
Cake\Error\BaseErrorHandler::handleError() - CORE\src\Error\BaseErrorHandler.php, line 159
deprecationWarning - CORE\src\Core\functions.php, line 310
Cake\Core\Plugin::routes() - CORE\src\Core\Plugin.php, line 307
Cake\Core\Plugin::routes() - CORE\src\Core\Plugin.php, line 310
require - ROOT\config\routes.php, line 93
Cake\Http\BaseApplication::routes() - CORE\src\Http\BaseApplication.php, line 179
Cake\Console\CommandRunner::loadRoutes() - CORE\src\Console\CommandRunner.php, line 377
Cake\Console\CommandRunner::run() - CORE\src\Console\CommandRunner.php, line 150
[main] - ROOT\bin\cake.php, line 12



2018-10-10 19:12:48 Notice: Deprecated (16384): You no longer need to call `Plugin::routes()` after upgrading to use Http\Server. See https://book.cakephp.org/3.0/en/development/application.html#adding-the-new-http-stack-to-an-existing-application for upgrade information. - C:\Program Files (x86)\Ampps\www\CakePHP-3.6.10\CakeHotel - backup\vendor\cakephp\cakephp\src\Core\Plugin.php, line: 310
 You can disable deprecation warnings by setting `Error.errorLevel` to `E_ALL & ~E_USER_DEPRECATED` in your config/app.php. in [C:\Program Files (x86)\Ampps\www\CakePHP-3.6.10\CakeHotel - backup\vendor\cakephp\cakephp\src\Core\functions.php, line 310]
Trace:
Cake\Error\BaseErrorHandler::handleError() - CORE\src\Error\BaseErrorHandler.php, line 159
deprecationWarning - CORE\src\Core\functions.php, line 310
Cake\Core\Plugin::routes() - CORE\src\Core\Plugin.php, line 307
Cake\Core\Plugin::routes() - CORE\src\Core\Plugin.php, line 310
require - ROOT\config\routes.php, line 93
Cake\Http\BaseApplication::routes() - CORE\src\Http\BaseApplication.php, line 179
Cake\Console\CommandRunner::loadRoutes() - CORE\src\Console\CommandRunner.php, line 377
Cake\Console\CommandRunner::run() - CORE\src\Console\CommandRunner.php, line 150
[main] - ROOT\bin\cake.php, line 12



2018-10-10 19:12:48 Notice: Deprecated (16384): You no longer need to call `Plugin::routes()` after upgrading to use Http\Server. See https://book.cakephp.org/3.0/en/development/application.html#adding-the-new-http-stack-to-an-existing-application for upgrade information. - C:\Program Files (x86)\Ampps\www\CakePHP-3.6.10\CakeHotel - backup\vendor\cakephp\cakephp\src\Core\Plugin.php, line: 310
 You can disable deprecation warnings by setting `Error.errorLevel` to `E_ALL & ~E_USER_DEPRECATED` in your config/app.php. in [C:\Program Files (x86)\Ampps\www\CakePHP-3.6.10\CakeHotel - backup\vendor\cakephp\cakephp\src\Core\functions.php, line 310]
Trace:
Cake\Error\BaseErrorHandler::handleError() - CORE\src\Error\BaseErrorHandler.php, line 159
deprecationWarning - CORE\src\Core\functions.php, line 310
Cake\Core\Plugin::routes() - CORE\src\Core\Plugin.php, line 307
Cake\Core\Plugin::routes() - CORE\src\Core\Plugin.php, line 310
require - ROOT\config\routes.php, line 93
Cake\Http\BaseApplication::routes() - CORE\src\Http\BaseApplication.php, line 179
Cake\Console\CommandRunner::loadRoutes() - CORE\src\Console\CommandRunner.php, line 377
Cake\Console\CommandRunner::run() - CORE\src\Console\CommandRunner.php, line 150
[main] - ROOT\bin\cake.php, line 12



2018-10-10 19:12:48 Notice: Deprecated (16384): You no longer need to call `Plugin::routes()` after upgrading to use Http\Server. See https://book.cakephp.org/3.0/en/development/application.html#adding-the-new-http-stack-to-an-existing-application for upgrade information. - C:\Program Files (x86)\Ampps\www\CakePHP-3.6.10\CakeHotel - backup\vendor\cakephp\cakephp\src\Core\Plugin.php, line: 310
 You can disable deprecation warnings by setting `Error.errorLevel` to `E_ALL & ~E_USER_DEPRECATED` in your config/app.php. in [C:\Program Files (x86)\Ampps\www\CakePHP-3.6.10\CakeHotel - backup\vendor\cakephp\cakephp\src\Core\functions.php, line 310]
Trace:
Cake\Error\BaseErrorHandler::handleError() - CORE\src\Error\BaseErrorHandler.php, line 159
deprecationWarning - CORE\src\Core\functions.php, line 310
Cake\Core\Plugin::routes() - CORE\src\Core\Plugin.php, line 307
Cake\Core\Plugin::routes() - CORE\src\Core\Plugin.php, line 310
require - ROOT\config\routes.php, line 93
Cake\Http\BaseApplication::routes() - CORE\src\Http\BaseApplication.php, line 179
Cake\Console\CommandRunner::loadRoutes() - CORE\src\Console\CommandRunner.php, line 377
Cake\Console\CommandRunner::run() - CORE\src\Console\CommandRunner.php, line 150
[main] - ROOT\bin\cake.php, line 12



2018-10-10 19:19:09 Notice: Deprecated (16384): You no longer need to call `Plugin::routes()` after upgrading to use Http\Server. See https://book.cakephp.org/3.0/en/development/application.html#adding-the-new-http-stack-to-an-existing-application for upgrade information. - C:\Program Files (x86)\Ampps\www\CakePHP-3.6.10\CakeHotel - backup\config\routes.php, line: 93
 You can disable deprecation warnings by setting `Error.errorLevel` to `E_ALL & ~E_USER_DEPRECATED` in your config/app.php. in [C:\Program Files (x86)\Ampps\www\CakePHP-3.6.10\CakeHotel - backup\vendor\cakephp\cakephp\src\Core\functions.php, line 310]
Trace:
Cake\Error\BaseErrorHandler::handleError() - CORE\src\Error\BaseErrorHandler.php, line 159
deprecationWarning - CORE\src\Core\functions.php, line 310
Cake\Core\Plugin::routes() - CORE\src\Core\Plugin.php, line 307
require - ROOT\config\routes.php, line 93
Cake\Http\BaseApplication::routes() - CORE\src\Http\BaseApplication.php, line 179
Cake\Console\CommandRunner::loadRoutes() - CORE\src\Console\CommandRunner.php, line 377
Cake\Console\CommandRunner::run() - CORE\src\Console\CommandRunner.php, line 150
[main] - ROOT\bin\cake.php, line 12



2018-10-10 19:19:09 Notice: Deprecated (16384): You no longer need to call `Plugin::routes()` after upgrading to use Http\Server. See https://book.cakephp.org/3.0/en/development/application.html#adding-the-new-http-stack-to-an-existing-application for upgrade information. - C:\Program Files (x86)\Ampps\www\CakePHP-3.6.10\CakeHotel - backup\vendor\cakephp\cakephp\src\Core\Plugin.php, line: 310
 You can disable deprecation warnings by setting `Error.errorLevel` to `E_ALL & ~E_USER_DEPRECATED` in your config/app.php. in [C:\Program Files (x86)\Ampps\www\CakePHP-3.6.10\CakeHotel - backup\vendor\cakephp\cakephp\src\Core\functions.php, line 310]
Trace:
Cake\Error\BaseErrorHandler::handleError() - CORE\src\Error\BaseErrorHandler.php, line 159
deprecationWarning - CORE\src\Core\functions.php, line 310
Cake\Core\Plugin::routes() - CORE\src\Core\Plugin.php, line 307
Cake\Core\Plugin::routes() - CORE\src\Core\Plugin.php, line 310
require - ROOT\config\routes.php, line 93
Cake\Http\BaseApplication::routes() - CORE\src\Http\BaseApplication.php, line 179
Cake\Console\CommandRunner::loadRoutes() - CORE\src\Console\CommandRunner.php, line 377
Cake\Console\CommandRunner::run() - CORE\src\Console\CommandRunner.php, line 150
[main] - ROOT\bin\cake.php, line 12



2018-10-10 19:19:09 Notice: Deprecated (16384): You no longer need to call `Plugin::routes()` after upgrading to use Http\Server. See https://book.cakephp.org/3.0/en/development/application.html#adding-the-new-http-stack-to-an-existing-application for upgrade information. - C:\Program Files (x86)\Ampps\www\CakePHP-3.6.10\CakeHotel - backup\vendor\cakephp\cakephp\src\Core\Plugin.php, line: 310
 You can disable deprecation warnings by setting `Error.errorLevel` to `E_ALL & ~E_USER_DEPRECATED` in your config/app.php. in [C:\Program Files (x86)\Ampps\www\CakePHP-3.6.10\CakeHotel - backup\vendor\cakephp\cakephp\src\Core\functions.php, line 310]
Trace:
Cake\Error\BaseErrorHandler::handleError() - CORE\src\Error\BaseErrorHandler.php, line 159
deprecationWarning - CORE\src\Core\functions.php, line 310
Cake\Core\Plugin::routes() - CORE\src\Core\Plugin.php, line 307
Cake\Core\Plugin::routes() - CORE\src\Core\Plugin.php, line 310
require - ROOT\config\routes.php, line 93
Cake\Http\BaseApplication::routes() - CORE\src\Http\BaseApplication.php, line 179
Cake\Console\CommandRunner::loadRoutes() - CORE\src\Console\CommandRunner.php, line 377
Cake\Console\CommandRunner::run() - CORE\src\Console\CommandRunner.php, line 150
[main] - ROOT\bin\cake.php, line 12



2018-10-10 19:19:09 Notice: Deprecated (16384): You no longer need to call `Plugin::routes()` after upgrading to use Http\Server. See https://book.cakephp.org/3.0/en/development/application.html#adding-the-new-http-stack-to-an-existing-application for upgrade information. - C:\Program Files (x86)\Ampps\www\CakePHP-3.6.10\CakeHotel - backup\vendor\cakephp\cakephp\src\Core\Plugin.php, line: 310
 You can disable deprecation warnings by setting `Error.errorLevel` to `E_ALL & ~E_USER_DEPRECATED` in your config/app.php. in [C:\Program Files (x86)\Ampps\www\CakePHP-3.6.10\CakeHotel - backup\vendor\cakephp\cakephp\src\Core\functions.php, line 310]
Trace:
Cake\Error\BaseErrorHandler::handleError() - CORE\src\Error\BaseErrorHandler.php, line 159
deprecationWarning - CORE\src\Core\functions.php, line 310
Cake\Core\Plugin::routes() - CORE\src\Core\Plugin.php, line 307
Cake\Core\Plugin::routes() - CORE\src\Core\Plugin.php, line 310
require - ROOT\config\routes.php, line 93
Cake\Http\BaseApplication::routes() - CORE\src\Http\BaseApplication.php, line 179
Cake\Console\CommandRunner::loadRoutes() - CORE\src\Console\CommandRunner.php, line 377
Cake\Console\CommandRunner::run() - CORE\src\Console\CommandRunner.php, line 150
[main] - ROOT\bin\cake.php, line 12



2018-10-10 19:19:09 Notice: Deprecated (16384): You no longer need to call `Plugin::routes()` after upgrading to use Http\Server. See https://book.cakephp.org/3.0/en/development/application.html#adding-the-new-http-stack-to-an-existing-application for upgrade information. - C:\Program Files (x86)\Ampps\www\CakePHP-3.6.10\CakeHotel - backup\vendor\cakephp\cakephp\src\Core\Plugin.php, line: 310
 You can disable deprecation warnings by setting `Error.errorLevel` to `E_ALL & ~E_USER_DEPRECATED` in your config/app.php. in [C:\Program Files (x86)\Ampps\www\CakePHP-3.6.10\CakeHotel - backup\vendor\cakephp\cakephp\src\Core\functions.php, line 310]
Trace:
Cake\Error\BaseErrorHandler::handleError() - CORE\src\Error\BaseErrorHandler.php, line 159
deprecationWarning - CORE\src\Core\functions.php, line 310
Cake\Core\Plugin::routes() - CORE\src\Core\Plugin.php, line 307
Cake\Core\Plugin::routes() - CORE\src\Core\Plugin.php, line 310
require - ROOT\config\routes.php, line 93
Cake\Http\BaseApplication::routes() - CORE\src\Http\BaseApplication.php, line 179
Cake\Console\CommandRunner::loadRoutes() - CORE\src\Console\CommandRunner.php, line 377
Cake\Console\CommandRunner::run() - CORE\src\Console\CommandRunner.php, line 150
[main] - ROOT\bin\cake.php, line 12



2018-10-10 19:21:12 Notice: Deprecated (16384): You no longer need to call `Plugin::routes()` after upgrading to use Http\Server. See https://book.cakephp.org/3.0/en/development/application.html#adding-the-new-http-stack-to-an-existing-application for upgrade information. - C:\Program Files (x86)\Ampps\www\CakePHP-3.6.10\CakeHotel - backup\config\routes.php, line: 93
 You can disable deprecation warnings by setting `Error.errorLevel` to `E_ALL & ~E_USER_DEPRECATED` in your config/app.php. in [C:\Program Files (x86)\Ampps\www\CakePHP-3.6.10\CakeHotel - backup\vendor\cakephp\cakephp\src\Core\functions.php, line 310]
Trace:
Cake\Error\BaseErrorHandler::handleError() - CORE\src\Error\BaseErrorHandler.php, line 159
deprecationWarning - CORE\src\Core\functions.php, line 310
Cake\Core\Plugin::routes() - CORE\src\Core\Plugin.php, line 307
require - ROOT\config\routes.php, line 93
Cake\Http\BaseApplication::routes() - CORE\src\Http\BaseApplication.php, line 179
Cake\Console\CommandRunner::loadRoutes() - CORE\src\Console\CommandRunner.php, line 377
Cake\Console\CommandRunner::run() - CORE\src\Console\CommandRunner.php, line 150
[main] - ROOT\bin\cake.php, line 12



2018-10-10 19:21:12 Notice: Deprecated (16384): You no longer need to call `Plugin::routes()` after upgrading to use Http\Server. See https://book.cakephp.org/3.0/en/development/application.html#adding-the-new-http-stack-to-an-existing-application for upgrade information. - C:\Program Files (x86)\Ampps\www\CakePHP-3.6.10\CakeHotel - backup\vendor\cakephp\cakephp\src\Core\Plugin.php, line: 310
 You can disable deprecation warnings by setting `Error.errorLevel` to `E_ALL & ~E_USER_DEPRECATED` in your config/app.php. in [C:\Program Files (x86)\Ampps\www\CakePHP-3.6.10\CakeHotel - backup\vendor\cakephp\cakephp\src\Core\functions.php, line 310]
Trace:
Cake\Error\BaseErrorHandler::handleError() - CORE\src\Error\BaseErrorHandler.php, line 159
deprecationWarning - CORE\src\Core\functions.php, line 310
Cake\Core\Plugin::routes() - CORE\src\Core\Plugin.php, line 307
Cake\Core\Plugin::routes() - CORE\src\Core\Plugin.php, line 310
require - ROOT\config\routes.php, line 93
Cake\Http\BaseApplication::routes() - CORE\src\Http\BaseApplication.php, line 179
Cake\Console\CommandRunner::loadRoutes() - CORE\src\Console\CommandRunner.php, line 377
Cake\Console\CommandRunner::run() - CORE\src\Console\CommandRunner.php, line 150
[main] - ROOT\bin\cake.php, line 12



2018-10-10 19:21:12 Notice: Deprecated (16384): You no longer need to call `Plugin::routes()` after upgrading to use Http\Server. See https://book.cakephp.org/3.0/en/development/application.html#adding-the-new-http-stack-to-an-existing-application for upgrade information. - C:\Program Files (x86)\Ampps\www\CakePHP-3.6.10\CakeHotel - backup\vendor\cakephp\cakephp\src\Core\Plugin.php, line: 310
 You can disable deprecation warnings by setting `Error.errorLevel` to `E_ALL & ~E_USER_DEPRECATED` in your config/app.php. in [C:\Program Files (x86)\Ampps\www\CakePHP-3.6.10\CakeHotel - backup\vendor\cakephp\cakephp\src\Core\functions.php, line 310]
Trace:
Cake\Error\BaseErrorHandler::handleError() - CORE\src\Error\BaseErrorHandler.php, line 159
deprecationWarning - CORE\src\Core\functions.php, line 310
Cake\Core\Plugin::routes() - CORE\src\Core\Plugin.php, line 307
Cake\Core\Plugin::routes() - CORE\src\Core\Plugin.php, line 310
require - ROOT\config\routes.php, line 93
Cake\Http\BaseApplication::routes() - CORE\src\Http\BaseApplication.php, line 179
Cake\Console\CommandRunner::loadRoutes() - CORE\src\Console\CommandRunner.php, line 377
Cake\Console\CommandRunner::run() - CORE\src\Console\CommandRunner.php, line 150
[main] - ROOT\bin\cake.php, line 12



2018-10-10 19:21:12 Notice: Deprecated (16384): You no longer need to call `Plugin::routes()` after upgrading to use Http\Server. See https://book.cakephp.org/3.0/en/development/application.html#adding-the-new-http-stack-to-an-existing-application for upgrade information. - C:\Program Files (x86)\Ampps\www\CakePHP-3.6.10\CakeHotel - backup\vendor\cakephp\cakephp\src\Core\Plugin.php, line: 310
 You can disable deprecation warnings by setting `Error.errorLevel` to `E_ALL & ~E_USER_DEPRECATED` in your config/app.php. in [C:\Program Files (x86)\Ampps\www\CakePHP-3.6.10\CakeHotel - backup\vendor\cakephp\cakephp\src\Core\functions.php, line 310]
Trace:
Cake\Error\BaseErrorHandler::handleError() - CORE\src\Error\BaseErrorHandler.php, line 159
deprecationWarning - CORE\src\Core\functions.php, line 310
Cake\Core\Plugin::routes() - CORE\src\Core\Plugin.php, line 307
Cake\Core\Plugin::routes() - CORE\src\Core\Plugin.php, line 310
require - ROOT\config\routes.php, line 93
Cake\Http\BaseApplication::routes() - CORE\src\Http\BaseApplication.php, line 179
Cake\Console\CommandRunner::loadRoutes() - CORE\src\Console\CommandRunner.php, line 377
Cake\Console\CommandRunner::run() - CORE\src\Console\CommandRunner.php, line 150
[main] - ROOT\bin\cake.php, line 12



2018-10-10 19:21:12 Notice: Deprecated (16384): You no longer need to call `Plugin::routes()` after upgrading to use Http\Server. See https://book.cakephp.org/3.0/en/development/application.html#adding-the-new-http-stack-to-an-existing-application for upgrade information. - C:\Program Files (x86)\Ampps\www\CakePHP-3.6.10\CakeHotel - backup\vendor\cakephp\cakephp\src\Core\Plugin.php, line: 310
 You can disable deprecation warnings by setting `Error.errorLevel` to `E_ALL & ~E_USER_DEPRECATED` in your config/app.php. in [C:\Program Files (x86)\Ampps\www\CakePHP-3.6.10\CakeHotel - backup\vendor\cakephp\cakephp\src\Core\functions.php, line 310]
Trace:
Cake\Error\BaseErrorHandler::handleError() - CORE\src\Error\BaseErrorHandler.php, line 159
deprecationWarning - CORE\src\Core\functions.php, line 310
Cake\Core\Plugin::routes() - CORE\src\Core\Plugin.php, line 307
Cake\Core\Plugin::routes() - CORE\src\Core\Plugin.php, line 310
require - ROOT\config\routes.php, line 93
Cake\Http\BaseApplication::routes() - CORE\src\Http\BaseApplication.php, line 179
Cake\Console\CommandRunner::loadRoutes() - CORE\src\Console\CommandRunner.php, line 377
Cake\Console\CommandRunner::run() - CORE\src\Console\CommandRunner.php, line 150
[main] - ROOT\bin\cake.php, line 12



2018-10-10 19:21:50 Notice: Deprecated (16384): You no longer need to call `Plugin::routes()` after upgrading to use Http\Server. See https://book.cakephp.org/3.0/en/development/application.html#adding-the-new-http-stack-to-an-existing-application for upgrade information. - C:\Program Files (x86)\Ampps\www\CakePHP-3.6.10\CakeHotel - backup\config\routes.php, line: 93
 You can disable deprecation warnings by setting `Error.errorLevel` to `E_ALL & ~E_USER_DEPRECATED` in your config/app.php. in [C:\Program Files (x86)\Ampps\www\CakePHP-3.6.10\CakeHotel - backup\vendor\cakephp\cakephp\src\Core\functions.php, line 310]
Trace:
Cake\Error\BaseErrorHandler::handleError() - CORE\src\Error\BaseErrorHandler.php, line 159
deprecationWarning - CORE\src\Core\functions.php, line 310
Cake\Core\Plugin::routes() - CORE\src\Core\Plugin.php, line 307
require - ROOT\config\routes.php, line 93
Cake\Http\BaseApplication::routes() - CORE\src\Http\BaseApplication.php, line 179
Cake\Console\CommandRunner::loadRoutes() - CORE\src\Console\CommandRunner.php, line 377
Cake\Console\CommandRunner::run() - CORE\src\Console\CommandRunner.php, line 150
[main] - ROOT\bin\cake.php, line 12



2018-10-10 19:21:50 Notice: Deprecated (16384): You no longer need to call `Plugin::routes()` after upgrading to use Http\Server. See https://book.cakephp.org/3.0/en/development/application.html#adding-the-new-http-stack-to-an-existing-application for upgrade information. - C:\Program Files (x86)\Ampps\www\CakePHP-3.6.10\CakeHotel - backup\vendor\cakephp\cakephp\src\Core\Plugin.php, line: 310
 You can disable deprecation warnings by setting `Error.errorLevel` to `E_ALL & ~E_USER_DEPRECATED` in your config/app.php. in [C:\Program Files (x86)\Ampps\www\CakePHP-3.6.10\CakeHotel - backup\vendor\cakephp\cakephp\src\Core\functions.php, line 310]
Trace:
Cake\Error\BaseErrorHandler::handleError() - CORE\src\Error\BaseErrorHandler.php, line 159
deprecationWarning - CORE\src\Core\functions.php, line 310
Cake\Core\Plugin::routes() - CORE\src\Core\Plugin.php, line 307
Cake\Core\Plugin::routes() - CORE\src\Core\Plugin.php, line 310
require - ROOT\config\routes.php, line 93
Cake\Http\BaseApplication::routes() - CORE\src\Http\BaseApplication.php, line 179
Cake\Console\CommandRunner::loadRoutes() - CORE\src\Console\CommandRunner.php, line 377
Cake\Console\CommandRunner::run() - CORE\src\Console\CommandRunner.php, line 150
[main] - ROOT\bin\cake.php, line 12



2018-10-10 19:21:50 Notice: Deprecated (16384): You no longer need to call `Plugin::routes()` after upgrading to use Http\Server. See https://book.cakephp.org/3.0/en/development/application.html#adding-the-new-http-stack-to-an-existing-application for upgrade information. - C:\Program Files (x86)\Ampps\www\CakePHP-3.6.10\CakeHotel - backup\vendor\cakephp\cakephp\src\Core\Plugin.php, line: 310
 You can disable deprecation warnings by setting `Error.errorLevel` to `E_ALL & ~E_USER_DEPRECATED` in your config/app.php. in [C:\Program Files (x86)\Ampps\www\CakePHP-3.6.10\CakeHotel - backup\vendor\cakephp\cakephp\src\Core\functions.php, line 310]
Trace:
Cake\Error\BaseErrorHandler::handleError() - CORE\src\Error\BaseErrorHandler.php, line 159
deprecationWarning - CORE\src\Core\functions.php, line 310
Cake\Core\Plugin::routes() - CORE\src\Core\Plugin.php, line 307
Cake\Core\Plugin::routes() - CORE\src\Core\Plugin.php, line 310
require - ROOT\config\routes.php, line 93
Cake\Http\BaseApplication::routes() - CORE\src\Http\BaseApplication.php, line 179
Cake\Console\CommandRunner::loadRoutes() - CORE\src\Console\CommandRunner.php, line 377
Cake\Console\CommandRunner::run() - CORE\src\Console\CommandRunner.php, line 150
[main] - ROOT\bin\cake.php, line 12



2018-10-10 19:21:50 Notice: Deprecated (16384): You no longer need to call `Plugin::routes()` after upgrading to use Http\Server. See https://book.cakephp.org/3.0/en/development/application.html#adding-the-new-http-stack-to-an-existing-application for upgrade information. - C:\Program Files (x86)\Ampps\www\CakePHP-3.6.10\CakeHotel - backup\vendor\cakephp\cakephp\src\Core\Plugin.php, line: 310
 You can disable deprecation warnings by setting `Error.errorLevel` to `E_ALL & ~E_USER_DEPRECATED` in your config/app.php. in [C:\Program Files (x86)\Ampps\www\CakePHP-3.6.10\CakeHotel - backup\vendor\cakephp\cakephp\src\Core\functions.php, line 310]
Trace:
Cake\Error\BaseErrorHandler::handleError() - CORE\src\Error\BaseErrorHandler.php, line 159
deprecationWarning - CORE\src\Core\functions.php, line 310
Cake\Core\Plugin::routes() - CORE\src\Core\Plugin.php, line 307
Cake\Core\Plugin::routes() - CORE\src\Core\Plugin.php, line 310
require - ROOT\config\routes.php, line 93
Cake\Http\BaseApplication::routes() - CORE\src\Http\BaseApplication.php, line 179
Cake\Console\CommandRunner::loadRoutes() - CORE\src\Console\CommandRunner.php, line 377
Cake\Console\CommandRunner::run() - CORE\src\Console\CommandRunner.php, line 150
[main] - ROOT\bin\cake.php, line 12



2018-10-10 19:21:50 Notice: Deprecated (16384): You no longer need to call `Plugin::routes()` after upgrading to use Http\Server. See https://book.cakephp.org/3.0/en/development/application.html#adding-the-new-http-stack-to-an-existing-application for upgrade information. - C:\Program Files (x86)\Ampps\www\CakePHP-3.6.10\CakeHotel - backup\vendor\cakephp\cakephp\src\Core\Plugin.php, line: 310
 You can disable deprecation warnings by setting `Error.errorLevel` to `E_ALL & ~E_USER_DEPRECATED` in your config/app.php. in [C:\Program Files (x86)\Ampps\www\CakePHP-3.6.10\CakeHotel - backup\vendor\cakephp\cakephp\src\Core\functions.php, line 310]
Trace:
Cake\Error\BaseErrorHandler::handleError() - CORE\src\Error\BaseErrorHandler.php, line 159
deprecationWarning - CORE\src\Core\functions.php, line 310
Cake\Core\Plugin::routes() - CORE\src\Core\Plugin.php, line 307
Cake\Core\Plugin::routes() - CORE\src\Core\Plugin.php, line 310
require - ROOT\config\routes.php, line 93
Cake\Http\BaseApplication::routes() - CORE\src\Http\BaseApplication.php, line 179
Cake\Console\CommandRunner::loadRoutes() - CORE\src\Console\CommandRunner.php, line 377
Cake\Console\CommandRunner::run() - CORE\src\Console\CommandRunner.php, line 150
[main] - ROOT\bin\cake.php, line 12



2018-10-11 04:40:49 Notice: Deprecated (16384): ServerRequest::session() is deprecated. Use getSession() instead. The setter part will be removed. - E:\Program Files\Ampps\www\CakeHotelV2\src\Controller\AppController.php, line: 44
 You can disable deprecation warnings by setting `Error.errorLevel` to `E_ALL & ~E_USER_DEPRECATED` in your config/app.php. in [E:\Program Files\Ampps\www\CakeHotelV2\vendor\cakephp\cakephp\src\Core\functions.php, line 310]
Trace:
Cake\Error\BaseErrorHandler::handleError() - CORE\src\Error\BaseErrorHandler.php, line 159
deprecationWarning - CORE\src\Core\functions.php, line 310
Cake\Http\ServerRequest::session() - CORE\src\Http\ServerRequest.php, line 563
App\Controller\AppController::initialize() - APP/Controller\AppController.php, line 44
Cake\Controller\Controller::__construct() - CORE\src\Controller\Controller.php, line 272
Bake\Shell\Task\TestTask::buildTestSubject() - ROOT\vendor\cakephp\bake\src\Shell\Task\TestTask.php, line 330
Bake\Shell\Task\TestTask::bake() - ROOT\vendor\cakephp\bake\src\Shell\Task\TestTask.php, line 237
Bake\Shell\Task\ControllerTask::bakeTest() - ROOT\vendor\cakephp\bake\src\Shell\Task\ControllerTask.php, line 214
Bake\Shell\Task\ControllerTask::bake() - ROOT\vendor\cakephp\bake\src\Shell\Task\ControllerTask.php, line 163
Bake\Shell\Task\ControllerTask::main() - ROOT\vendor\cakephp\bake\src\Shell\Task\ControllerTask.php, line 69
Bake\Shell\BakeShell::Bake\Shell\{closure}() - ROOT\vendor\cakephp\bake\src\Shell\BakeShell.php, line 273
Cake\Collection\Collection::each() - CORE\src\Collection\CollectionTrait.php, line 51
Bake\Shell\BakeShell::all() - ROOT\vendor\cakephp\bake\src\Shell\BakeShell.php, line 274
Cake\Console\Shell::runCommand() - CORE\src\Console\Shell.php, line 518
Cake\Console\CommandRunner::runShell() - CORE\src\Console\CommandRunner.php, line 342
Cake\Console\CommandRunner::run() - CORE\src\Console\CommandRunner.php, line 164
[main] - ROOT\bin\cake.php, line 12



2018-11-04 19:29:17 Notice: Deprecated (16384): ServerRequest::session() is deprecated. Use getSession() instead. The setter part will be removed. - E:\Program Files\Ampps\www\CakeHotel\src\Controller\AppController.php, line: 44
 You can disable deprecation warnings by setting `Error.errorLevel` to `E_ALL & ~E_USER_DEPRECATED` in your config/app.php. in [E:\Program Files\Ampps\www\CakeHotel\vendor\cakephp\cakephp\src\Core\functions.php, line 310]
Trace:
Cake\Error\BaseErrorHandler::handleError() - CORE\src\Error\BaseErrorHandler.php, line 159
deprecationWarning - CORE\src\Core\functions.php, line 310
Cake\Http\ServerRequest::session() - CORE\src\Http\ServerRequest.php, line 563
App\Controller\AppController::initialize() - APP/Controller\AppController.php, line 44
Cake\Controller\Controller::__construct() - CORE\src\Controller\Controller.php, line 272
Bake\Shell\Task\TestTask::buildTestSubject() - ROOT\vendor\cakephp\bake\src\Shell\Task\TestTask.php, line 330
Bake\Shell\Task\TestTask::bake() - ROOT\vendor\cakephp\bake\src\Shell\Task\TestTask.php, line 237
Bake\Shell\Task\ControllerTask::bakeTest() - ROOT\vendor\cakephp\bake\src\Shell\Task\ControllerTask.php, line 214
Bake\Shell\Task\ControllerTask::bake() - ROOT\vendor\cakephp\bake\src\Shell\Task\ControllerTask.php, line 163
Bake\Shell\Task\ControllerTask::main() - ROOT\vendor\cakephp\bake\src\Shell\Task\ControllerTask.php, line 69
Bake\Shell\BakeShell::Bake\Shell\{closure}() - ROOT\vendor\cakephp\bake\src\Shell\BakeShell.php, line 273
Cake\Collection\Collection::each() - CORE\src\Collection\CollectionTrait.php, line 51
Bake\Shell\BakeShell::all() - ROOT\vendor\cakephp\bake\src\Shell\BakeShell.php, line 274
Cake\Console\Shell::runCommand() - CORE\src\Console\Shell.php, line 518
Cake\Console\CommandRunner::runShell() - CORE\src\Console\CommandRunner.php, line 342
Cake\Console\CommandRunner::run() - CORE\src\Console\CommandRunner.php, line 164
[main] - ROOT\bin\cake.php, line 12



